1/12/2025 7:19:05 PM	This log contains information about the import schema operation into project 'DynamicDashboardDB' on computer 'SOULONEARTH' by user 'USER'.
1/12/2025 7:19:05 PM	Import of database schema has started.
1/12/2025 7:19:09 PM	Gathering database credentials
1/12/2025 7:19:09 PM	Gathering database options
1/12/2025 7:19:09 PM	Gathering generic database scoped configuration option
1/12/2025 7:19:09 PM	Gathering users
1/12/2025 7:19:09 PM	Gathering roles
1/12/2025 7:19:09 PM	Gathering application roles
1/12/2025 7:19:09 PM	Gathering role memberships
1/12/2025 7:19:09 PM	Gathering filegroups
1/12/2025 7:19:09 PM	Gathering full-text catalogs
1/12/2025 7:19:09 PM	Gathering assemblies
1/12/2025 7:19:09 PM	Gathering certificates
1/12/2025 7:19:09 PM	Gathering asymmetric keys
1/12/2025 7:19:09 PM	Gathering symmetric keys
1/12/2025 7:19:09 PM	Gathering encrypted symmetric keys
1/12/2025 7:19:09 PM	Gathering schemas
1/12/2025 7:19:09 PM	Gathering XML schema collections
1/12/2025 7:19:09 PM	Gathering user-defined data types
1/12/2025 7:19:09 PM	Gathering user-defined types
1/12/2025 7:19:09 PM	Gathering table types
1/12/2025 7:19:09 PM	Gathering unique keys for table types
1/12/2025 7:19:09 PM	Gathering primary keys for table types
1/12/2025 7:19:09 PM	Gathering indexes for table types
1/12/2025 7:19:09 PM	Gathering check constraints for table types
1/12/2025 7:19:09 PM	Gathering default constraints for table types
1/12/2025 7:19:09 PM	Gathering partition functions
1/12/2025 7:19:09 PM	Gathering partition schemes
1/12/2025 7:19:09 PM	Gathering functions
1/12/2025 7:19:09 PM	Gathering encrypted functions
1/12/2025 7:19:09 PM	Gathering aggregates
1/12/2025 7:19:09 PM	Gathering procedures
1/12/2025 7:19:09 PM	Gathering encrypted procedures
1/12/2025 7:19:09 PM	Gathering tables
1/12/2025 7:19:09 PM	Gathering primary keys
1/12/2025 7:19:09 PM	Gathering unique constraints
1/12/2025 7:19:09 PM	Gathering foreign keys
1/12/2025 7:19:09 PM	Gathering default constraints
1/12/2025 7:19:09 PM	Gathering check constraints
1/12/2025 7:19:09 PM	Gathering views
1/12/2025 7:19:09 PM	Gathering encrypted views
1/12/2025 7:19:09 PM	Gathering indexes
1/12/2025 7:19:09 PM	Gathering statistics
1/12/2025 7:19:09 PM	Gathering full-text index stoplists
1/12/2025 7:19:09 PM	Gathering search property lists
1/12/2025 7:19:09 PM	Gathering search properties
1/12/2025 7:19:09 PM	Gathering full-text indexes
1/12/2025 7:19:09 PM	Gathering column store indexes
1/12/2025 7:19:09 PM	Gathering spatial indexes
1/12/2025 7:19:09 PM	Gathering XML indexes
1/12/2025 7:19:09 PM	Gathering Selective XML indexes
1/12/2025 7:19:09 PM	Gathering encrypted triggers
1/12/2025 7:19:09 PM	Gathering triggers
1/12/2025 7:19:09 PM	Gathering encrypted and clr ddl triggers
1/12/2025 7:19:09 PM	Gathering ddl triggers
1/12/2025 7:19:09 PM	Creating edge constraints
1/12/2025 7:19:09 PM	Gathering synonyms
1/12/2025 7:19:09 PM	Gathering defaults
1/12/2025 7:19:09 PM	Gathering data constraint uddt bindings
1/12/2025 7:19:09 PM	Gathering rules
1/12/2025 7:19:09 PM	Gathering data constraint uddt bindings
1/12/2025 7:19:09 PM	Gathering message types
1/12/2025 7:19:09 PM	Gathering queues
1/12/2025 7:19:09 PM	Gathering contracts
1/12/2025 7:19:09 PM	Gathering services
1/12/2025 7:19:09 PM	Gathering event notifications
1/12/2025 7:19:09 PM	Gathering remote service bindings
1/12/2025 7:19:09 PM	Gathering broker priorities
1/12/2025 7:19:09 PM	Gathering signatures
1/12/2025 7:19:09 PM	Gathering compression options
1/12/2025 7:19:09 PM	Gathering sequence types
1/12/2025 7:19:09 PM	Gathering security policies
1/12/2025 7:19:09 PM	Gather column encryption keys
1/12/2025 7:19:09 PM	Gathering column master keys
1/12/2025 7:19:09 PM	Gathering external data sources
1/12/2025 7:19:09 PM	Gathering external file formats
1/12/2025 7:19:09 PM	Gathering external tables
1/12/2025 7:19:09 PM	Gathering extended properties
1/12/2025 7:19:09 PM	Gathering assemblies
1/12/2025 7:19:09 PM	Gathering credentials
1/12/2025 7:19:09 PM	Gathering logins
1/12/2025 7:19:09 PM	Gathering server audits
1/12/2025 7:19:09 PM	Scanning project for duplicate elements
1/12/2025 7:19:09 PM	Finished duplicate element processing
1/12/2025 7:19:09 PM	Finished importing database.
1/12/2025 7:19:09 PM	A summary of the import was saved to the following location: C:\Users\USER\Documents\Dynamic Dashboar Project\DynamicDashboardWebAPI\DynamicDasboardWebAPI\DynamicDashboardDB\Import Schema Logs\DynamicDashboardDB_20250112031905.log
1/12/2025 7:19:09 PM	Click Finish to continue...
